0 info it worked if it ends with ok
1 verbose cli [ '/usr/local/bin/node', '/usr/local/bin/npm', 'start' ]
2 info using npm@3.7.3
3 info using node@v5.9.0
4 verbose run-script [ 'prestart', 'start', 'poststart' ]
5 info lifecycle phenotonic@0.1.1~prestart: phenotonic@0.1.1
6 silly lifecycle phenotonic@0.1.1~prestart: no script for prestart, continuing
7 info lifecycle phenotonic@0.1.1~start: phenotonic@0.1.1
8 verbose lifecycle phenotonic@0.1.1~start: unsafe-perm in lifecycle true
9 verbose lifecycle phenotonic@0.1.1~start: PATH: /usr/local/lib/node_modules/npm/bin/node-gyp-bin:/Users/lowmess/Dropbox/Web/phenotonic/node_modules/.bin:/usr/local/bin:/usr/local/lib/node_modules/npm/bin/node-gyp-bin:/Users/lowmess/Dropbox/Web/phenotonic/node_modules/.bin:/usr/local/bin:/usr/local/bin:/usr/local/sbin:/usr/bin:/bin:/usr/sbin:/sbin
10 verbose lifecycle phenotonic@0.1.1~start: CWD: /Users/lowmess/Dropbox/Web/phenotonic
11 silly lifecycle phenotonic@0.1.1~start: Args: [ '-c', 'NODE_ENV=production node build.js' ]
12 silly lifecycle phenotonic@0.1.1~start: Returned: code: 1  signal: null
13 info lifecycle phenotonic@0.1.1~start: Failed to exec start script
14 verbose stack Error: phenotonic@0.1.1 start: `NODE_ENV=production node build.js`
14 verbose stack Exit status 1
14 verbose stack     at EventEmitter.<anonymous> (/usr/local/lib/node_modules/npm/lib/utils/lifecycle.js:239:16)
14 verbose stack     at emitTwo (events.js:100:13)
14 verbose stack     at EventEmitter.emit (events.js:185:7)
14 verbose stack     at ChildProcess.<anonymous> (/usr/local/lib/node_modules/npm/lib/utils/spawn.js:24:14)
14 verbose stack     at emitTwo (events.js:100:13)
14 verbose stack     at ChildProcess.emit (events.js:185:7)
14 verbose stack     at maybeClose (internal/child_process.js:850:16)
14 verbose stack     at Process.ChildProcess._handle.onexit (internal/child_process.js:215:5)
15 verbose pkgid phenotonic@0.1.1
16 verbose cwd /Users/lowmess/Dropbox/Web/phenotonic
17 error Darwin 15.4.0
18 error argv "/usr/local/bin/node" "/usr/local/bin/npm" "start"
19 error node v5.9.0
20 error npm  v3.7.3
21 error code ELIFECYCLE
22 error phenotonic@0.1.1 start: `NODE_ENV=production node build.js`
22 error Exit status 1
23 error Failed at the phenotonic@0.1.1 start script 'NODE_ENV=production node build.js'.
23 error Make sure you have the latest version of node.js and npm installed.
23 error If you do, this is most likely a problem with the phenotonic package,
23 error not with npm itself.
23 error Tell the author that this fails on your system:
23 error     NODE_ENV=production node build.js
23 error You can get information on how to open an issue for this project with:
23 error     npm bugs phenotonic
23 error Or if that isn't available, you can get their info via:
23 error     npm owner ls phenotonic
23 error There is likely additional logging output above.
24 verbose exit [ 1, true ]
